33547
26910
30839
21872
10475
22041
8514
26679
18701
5654
28022
16566
29005
30811
25917
28138
24861
26369
19814
15701
19161
31979
28748
22242
11884
17208
10137
25427
26171
5819
27977
13237
20221
14447
20691
16639
21922
15628
7286
2709
6953
32123
5589
32823
19327
29052
17164
8187
9945
31774
21111
25560
30164
966
32214
28127
18054
8116
7114
8310
32155
32021
6756
18551
31908
14140
20439
20023
25561
24926
10243
19659
12312
14360
18796
27533
28828
30892
22593
1903
19080
7385
16358
14999
29179
14602
28392
12544
20091
32417
5889
5819
21063
31288
22122
19161
10872
5790
24236
22614
18103
30479
5341
26418
10110
10669
7783
25377
27949
27320
26460
12126
21817
6461
12544
3503
18929
4592
0
24078
25551
6188
27452
31154
25269
0
2709
22288
27800
25685
9086
10669
22284
32447
23310
18551
29557
17875
7825
23694
30018
21247
21603
4853
25156
29724
7727
28899
22614
8022
18860
13237
32379
31051
9839
23950
21688
11751
10826
14946
23340
4484
11033
10015
25551
20381
14517
21111
32836
19814
29506
29287
25989
16877
22242
16741
11961
26942
30653
30234
31613
966
29179
30403
31696
25560
8556
19531
23260
4033
19837
11332
7986
27044
6188
20354
31986
18639
4062
31300
23521
21959
16639
14912
33443
33526
17069
31512
26910
13401
17971
14140
14227
12467
30018
31351
33282
25496
3612
22954
27719
21922
20181
32286
33325
23974
18906
31770
6025
9768
19526
16741
28127
31119
27269
17875
21316
29262
15348
32671
7114
28697
12959
6584
27044
28720
2709
16438
20156
6025
24552
13058
14999
8840
31131
14656
29360
1903
12242
23018
11402
27719
966
25561
14447
17875
28378
30958
12467
8187
30053
4469
23828
28753
10243
16438
23639
31759
18223
28616
2709
6188
5654
16741
13675
24793
16787
28639
25984
25178
17419
23388
6132
5589
14304
18528
9744
6855
966
7315
32775
30663
10826
22917
15285
6025
24570
0
2709
6188
28685
27110
11332
22143
7890
10289
11705
21959
1903
33151
31666
6188
22917
2709
30822
22635
8187
5341
16434
9115
11596
966
26579
7492
12707
5260
12242
32542
27227
33151
26662
10574
26681
24037
18774
21587
20571
26567
28319
21817
15760
15882
15076
23895
4484
11332
31068
11705
937
32510
5618
31827
33089
19841
4484
12078
23018
966
30663
1852
0
12608
31512
16682
32009
16358
23443
18771
6756
17547
25561
8022
28747
3239
28747
31207
32831
15701
29047
23813
14360
32102
21837
13774
18172
13774
11104
26171
14656
6756
16868
0
17297
14326
3675
966
26418
25560
7221
20335
28037
29768
25377
11828
21787
8022
29098
9386
9413
24305
29513
20818
11526
3757
20082
15412
16434
17118
26861
16438
21362
7727
16863
23771
19536
6761
13745
30638
29483
18655
16937
12772
33130
27369
21358
21281
22364
16184
16877
28208
25623
11596
33443
32692
14382
7890
33282
16253
22212
26552
28138
28345
21261
9547
5124
25784
0
17164
22584
29587
20978
24625
28178
20486
4614
15076
26679
14546
26868
7628
28138
5405
3675
28022
4062
3518
32531
26081
18404
9413
18431
11526
0
937
6025
5405
16057
6188
20585
33282
23443
4294
13610
17297
11915
16804
17720
0
16741
29483
29005
9413
32468
31004
24062
1852
32811
11828
27134
4469
18695
30368
0
19034
21162
6132
22393
32072
31097
27830
22143
8816
20215
31034
12056
27990
32775
25823
18304
15760
21335
12544
22092
20082
29464
10773
9547
18605
19732
23205
21294
23521
19590
21366
5819
25734
14447
15357
24078
30958
28423
30811
4592
14140
28208
15289
27614
27399
4062
30688
28289
12871
29128
1903
28639
24793
12312
966
7060
17747
13058
15132
3735
28299
21837
29557
7890
31419
9945
18796
28748
966
15481
21502
0
7986
22143
17747
22339
24503
14227
2709
32641
7825
4592
17471
19458
15628
5397
23880
18616
16741
0
20978
30063
22092
16358
1852
7512
11884
19883
23458
32211
30477
29637
22902
25670
17674
2760
32417
5341
1903
0
26220
29942
5059
7628
15110
6188
31573
24314
22513
14304
13830
28289
9386
21467
29672
10802
15662
6025
16613
0
3612
12608
29909
24995
24011
32379
16218
22713
3205
4469
22917
17875
32316
25821
11526
32692
29413
8556
23340
4853
20091
22713
30907
15662
8039
26910
22969
20987
30287
966
9646
22547
32659
26220
31986
23018
24926
33232
10137
16434
4033
19285
19509
1731
9413
27094
24030
25551
22419
31855
28243
27425
20802
14912
7060
15357
5341
27227
21663
23584
17674
27765
30746
2820
7825
29128
24701
19548
28798
21141
30953
30907
2290
2724
22058
31068
28616
10669
11599
3503
8051
25947
29179
15412
3675
33118
26481
29143
16434
13324
18639
19334
26726
15177
21115
21467
29594
30477
3503
13953
17593
23138
10243
6584
24701
18443
25294
6897
14929
32498
9547
8556
24765
1903
21063
16524
966
32060
10696
4062
31068
25719
21753
24014
26220
6188
30149
10475
0
31920
21261
5059
9667
27784
30688
30592
30988
22143
1731
11497
9214
30746
17674
20486
31908
23828
31855
23018
22155
8158
25362
19327
20640
31624
28208
31419
2724
24570
7114
25959
11596
25679
18744
18744
6962
937
794
2646
22704
2324
32531
18304
22339
2724
33325
20439
25391
31666
28259
32039
26949
7315
17547
12685
4062
10574
29972
6419
21281
530
19729
28758
26066
33067
12794
20221
24078
32629
21688
11526
24436
8655
15628
11526
10826
15285
17848
22364
32170
10967
20640
25455
16434
23269
23880
18860
19934
19841
11751
3675
8355
27452
30746
21196
16639
29344
4033
3118
28378
13145
32927
18655
19281
0
15910
15969
15428
29047
33088
32811
3675
8116
24655
6188
28178
32906
22704
13423
6756
20308
1903
13675
32316
31759
20335
530
17254
22665
26252
30592
31207
15110
0
16438
15177
16385
17794
26418
30431
17208
25595
32447
11199
1852
26528
2646
24320
33547
794
28243
20281
2709
27452
18860
23694
12959
6962
26010
21281
30298
22734
18605
10669
12078
20281
22513
13953
32722
33241
9547
2588
25272
28748
12959
15882
21261
0
2290
21247
24625
19526
26460
26171
31613
30103
937
30403
794
26543
17620
30709
0
21358
27751
12155
4469
15833
11431
25679
15481
18477
27029
25989
31971
25685
5166
7221
15285
7060
25685
1852
13058
5059
16990
10289
32743
17551
